<?xml version="1.0" encoding="UTF-8"?>
<testsuite name="wolox.training.AaJavaApplicationTests" tests="1" skipped="0" failures="0" errors="0" timestamp="2022-07-08T15:15:40" hostname="AMAC02FPE39MD6M" time="0.196">
  <properties/>
  <testcase name="contextLoads()" classname="wolox.training.AaJavaApplicationTests" time="0.196"/>
  <system-out><![CDATA[12:15:37.480 [Test worker] DEBUG org.springframework.test.context.BootstrapUtils - Instantiating CacheAwareContextLoaderDelegate from class [org.springframework.test.context.cache.DefaultCacheAwareContextLoaderDelegate]
12:15:37.488 [Test worker] DEBUG org.springframework.test.context.BootstrapUtils - Instantiating BootstrapContext using constructor [public org.springframework.test.context.support.DefaultBootstrapContext(java.lang.Class,org.springframework.test.context.CacheAwareContextLoaderDelegate)]
12:15:37.513 [Test worker] DEBUG org.springframework.test.context.BootstrapUtils - Instantiating TestContextBootstrapper for test class [wolox.training.AaJavaApplicationTests] from class [org.springframework.boot.test.context.SpringBootTestContextBootstrapper]
12:15:37.521 [Test worker] INFO org.springframework.boot.test.context.SpringBootTestContextBootstrapper - Neither @ContextConfiguration nor @ContextHierarchy found for test class [wolox.training.AaJavaApplicationTests], using SpringBootContextLoader
12:15:37.523 [Test worker] DEBUG org.springframework.test.context.support.AbstractContextLoader - Did not detect default resource location for test class [wolox.training.AaJavaApplicationTests]: class path resource [wolox/training/AaJavaApplicationTests-context.xml] does not exist
12:15:37.524 [Test worker] DEBUG org.springframework.test.context.support.AbstractContextLoader - Did not detect default resource location for test class [wolox.training.AaJavaApplicationTests]: class path resource [wolox/training/AaJavaApplicationTestsContext.groovy] does not exist
12:15:37.524 [Test worker] INFO org.springframework.test.context.support.AbstractContextLoader - Could not detect default resource locations for test class [wolox.training.AaJavaApplicationTests]: no resource found for suffixes {-context.xml, Context.groovy}.
12:15:37.524 [Test worker] INFO org.springframework.test.context.support.AnnotationConfigContextLoaderUtils - Could not detect default configuration classes for test class [wolox.training.AaJavaApplicationTests]: AaJavaApplicationTests does not declare any static, non-private, non-final, nested classes annotated with @Configuration.
12:15:37.553 [Test worker] DEBUG org.springframework.test.context.support.ActiveProfilesUtils - Could not find an 'annotation declaring class' for annotation type [org.springframework.test.context.ActiveProfiles] and class [wolox.training.AaJavaApplicationTests]
12:15:37.609 [Test worker] DEBUG org.springframework.context.annotation.ClassPathScanningCandidateComponentProvider - Identified candidate component class: file [/Users/alexa.aguirre/Documents/aa-java/build/classes/java/main/wolox/training/TrainingApplication.class]
12:15:37.610 [Test worker] INFO org.springframework.boot.test.context.SpringBootTestContextBootstrapper - Found @SpringBootConfiguration wolox.training.TrainingApplication for test class wolox.training.AaJavaApplicationTests
12:15:37.670 [Test worker] DEBUG org.springframework.boot.test.context.SpringBootTestContextBootstrapper - @TestExecutionListeners is not present for class [wolox.training.AaJavaApplicationTests]: using defaults.
12:15:37.670 [Test worker] INFO org.springframework.boot.test.context.SpringBootTestContextBootstrapper - Loaded default TestExecutionListener class names from location [META-INF/spring.factories]: [org.springframework.boot.test.autoconfigure.restdocs.RestDocsTestExecutionListener, org.springframework.boot.test.autoconfigure.web.client.MockRestServiceServerResetTestExecutionListener, org.springframework.boot.test.autoconfigure.web.servlet.MockMvcPrintOnlyOnFailureTestExecutionListener, org.springframework.boot.test.autoconfigure.web.servlet.WebDriverTestExecutionListener, org.springframework.boot.test.autoconfigure.webservices.client.MockWebServiceServerTestExecutionListener, org.springframework.boot.test.mock.mockito.MockitoTestExecutionListener, org.springframework.boot.test.mock.mockito.ResetMocksTestExecutionListener, org.springframework.test.context.web.ServletTestExecutionListener, org.springframework.test.context.support.DirtiesContextBeforeModesTestExecutionListener, org.springframework.test.context.event.ApplicationEventsTestExecutionListener, org.springframework.test.context.support.DependencyInjectionTestExecutionListener, org.springframework.test.context.support.DirtiesContextTestExecutionListener, org.springframework.test.context.transaction.TransactionalTestExecutionListener, org.springframework.test.context.jdbc.SqlScriptsTestExecutionListener, org.springframework.test.context.event.EventPublishingTestExecutionListener]
12:15:37.681 [Test worker] INFO org.springframework.boot.test.context.SpringBootTestContextBootstrapper - Using TestExecutionListeners: [org.springframework.test.context.web.ServletTestExecutionListener@ea9b7c6, org.springframework.test.context.support.DirtiesContextBeforeModesTestExecutionListener@e077866, org.springframework.test.context.event.ApplicationEventsTestExecutionListener@ed3068a, org.springframework.boot.test.mock.mockito.MockitoTestExecutionListener@7c2b6087, org.springframework.boot.test.autoconfigure.SpringBootDependencyInjectionTestExecutionListener@3fffff43, org.springframework.test.context.support.DirtiesContextTestExecutionListener@a8e6492, org.springframework.test.context.transaction.TransactionalTestExecutionListener@1c7fd41f, org.springframework.test.context.jdbc.SqlScriptsTestExecutionListener@3b77a04f, org.springframework.test.context.event.EventPublishingTestExecutionListener@7b324585, org.springframework.boot.test.autoconfigure.restdocs.RestDocsTestExecutionListener@2e11485, org.springframework.boot.test.autoconfigure.web.client.MockRestServiceServerResetTestExecutionListener@60dce7ea, org.springframework.boot.test.autoconfigure.web.servlet.MockMvcPrintOnlyOnFailureTestExecutionListener@662f5666, org.springframework.boot.test.autoconfigure.web.servlet.WebDriverTestExecutionListener@fd8294b, org.springframework.boot.test.autoconfigure.webservices.client.MockWebServiceServerTestExecutionListener@5974109, org.springframework.boot.test.mock.mockito.ResetMocksTestExecutionListener@27305e6]
12:15:37.683 [Test worker] DEBUG org.springframework.test.context.support.AbstractDirtiesContextTestExecutionListener - Before test class: context [DefaultTestContext@5c87bfe2 testClass = AaJavaApplicationTests, testInstance = [null], testMethod = [null], testException = [null], mergedContextConfiguration = [WebMergedContextConfiguration@2fea7088 testClass = AaJavaApplicationTests, locations = '{}', classes = '{class wolox.training.TrainingApplication}', contextInitializerClasses = '[]', activeProfiles = '{}', propertySourceLocations = '{}', propertySourceProperties = '{org.springframework.boot.test.context.SpringBootTestContextBootstrapper=true}', contextCustomizers = set[org.springframework.boot.test.autoconfigure.actuate.metrics.MetricsExportContextCustomizerFactory$DisableMetricExportContextCustomizer@20c0a64d, org.springframework.boot.test.autoconfigure.properties.PropertyMappingContextCustomizer@0, org.springframework.boot.test.autoconfigure.web.servlet.WebDriverContextCustomizerFactory$Customizer@babafc2, org.springframework.boot.test.context.filter.ExcludeFilterContextCustomizer@69f1a286, org.springframework.boot.test.json.DuplicateJsonObjectContextCustomizerFactory$DuplicateJsonObjectContextCustomizer@3f57bcad, org.springframework.boot.test.mock.mockito.MockitoContextCustomizer@0, org.springframework.boot.test.web.client.TestRestTemplateContextCustomizer@2e48362c, org.springframework.boot.test.context.SpringBootTestArgs@1, org.springframework.boot.test.context.SpringBootTestWebEnvironment@1190200a], resourceBasePath = 'src/main/webapp', contextLoader = 'org.springframework.boot.test.context.SpringBootContextLoader', parent = [null]], attributes = map['org.springframework.test.context.web.ServletTestExecutionListener.activateListener' -> true]], class annotated with @DirtiesContext [false] with mode [null].

  .   ____          _            __ _ _
 /\\ / ___'_ __ _ _(_)_ __  __ _ \ \ \ \
( ( )\___ | '_ | '_| | '_ \/ _` | \ \ \ \
 \\/  ___)| |_)| | | | | || (_| |  ) ) ) )
  '  |____| .__|_| |_|_| |_\__, | / / / /
 =========|_|==============|___/=/_/_/_/
 :: Spring Boot ::                (v2.7.1)

2022-07-08 12:15:37.974  INFO 70227 --- [    Test worker] wolox.training.AaJavaApplicationTests    : Starting AaJavaApplicationTests using Java 18.0.1 on AMAC02FPE39MD6M with PID 70227 (started by alexa.aguirre in /Users/alexa.aguirre/Documents/aa-java)
2022-07-08 12:15:37.975  INFO 70227 --- [    Test worker] wolox.training.AaJavaApplicationTests    : No active profile set, falling back to 1 default profile: "default"
2022-07-08 12:15:38.364  INFO 70227 --- [    Test worker] .s.d.r.c.RepositoryConfigurationDelegate : Bootstrapping Spring Data JPA repositories in DEFAULT mode.
2022-07-08 12:15:38.372  INFO 70227 --- [    Test worker] .s.d.r.c.RepositoryConfigurationDelegate : Finished Spring Data repository scanning in 3 ms. Found 0 JPA repository interfaces.
2022-07-08 12:15:38.719  INFO 70227 --- [    Test worker] o.hibernate.jpa.internal.util.LogHelper  : HHH000204: Processing PersistenceUnitInfo [name: default]
2022-07-08 12:15:38.751  INFO 70227 --- [    Test worker] org.hibernate.Version                    : HHH000412: Hibernate ORM core version 5.6.9.Final
2022-07-08 12:15:38.867  INFO 70227 --- [    Test worker] o.hibernate.annotations.common.Version   : HCANN000001: Hibernate Commons Annotations {5.1.2.Final}
2022-07-08 12:15:38.930  INFO 70227 --- [    Test worker] com.zaxxer.hikari.HikariDataSource       : HikariPool-1 - Starting...
2022-07-08 12:15:39.069  INFO 70227 --- [    Test worker] com.zaxxer.hikari.HikariDataSource       : HikariPool-1 - Start completed.
2022-07-08 12:15:39.079  INFO 70227 --- [    Test worker] org.hibernate.dialect.Dialect            : HHH000400: Using dialect: org.hibernate.dialect.PostgreSQLDialect
2022-07-08 12:15:39.515  INFO 70227 --- [    Test worker] o.h.e.t.j.p.i.JtaPlatformInitiator       : HHH000490: Using JtaPlatform implementation: [org.hibernate.engine.transaction.jta.platform.internal.NoJtaPlatform]
2022-07-08 12:15:39.521  INFO 70227 --- [    Test worker] j.LocalContainerEntityManagerFactoryBean : Initialized JPA EntityManagerFactory for persistence unit 'default'
2022-07-08 12:15:39.674  WARN 70227 --- [    Test worker] JpaBaseConfiguration$JpaWebConfiguration : spring.jpa.open-in-view is enabled by default. Therefore, database queries may be performed during view rendering. Explicitly configure spring.jpa.open-in-view to disable this warning
2022-07-08 12:15:40.033  INFO 70227 --- [    Test worker] wolox.training.AaJavaApplicationTests    : Started AaJavaApplicationTests in 2.323 seconds (JVM running for 3.284)
]]></system-out>
  <system-err><![CDATA[]]></system-err>
</testsuite>
