<?xml version="1.0" encoding="UTF-8"?>
<testsuite name="wolox.training.AaJavaApplicationTests" tests="1" skipped="0" failures="0" errors="0" timestamp="2022-07-08T20:29:58" hostname="AMAC02FPE39MD6M" time="0.287">
  <properties/>
  <testcase name="contextLoads()" classname="wolox.training.AaJavaApplicationTests" time="0.287"/>
  <system-out><![CDATA[17:29:56.073 [Test worker] DEBUG org.springframework.test.context.BootstrapUtils - Instantiating CacheAwareContextLoaderDelegate from class [org.springframework.test.context.cache.DefaultCacheAwareContextLoaderDelegate]
17:29:56.085 [Test worker] DEBUG org.springframework.test.context.BootstrapUtils - Instantiating BootstrapContext using constructor [public org.springframework.test.context.support.DefaultBootstrapContext(java.lang.Class,org.springframework.test.context.CacheAwareContextLoaderDelegate)]
17:29:56.115 [Test worker] DEBUG org.springframework.test.context.BootstrapUtils - Instantiating TestContextBootstrapper for test class [wolox.training.AaJavaApplicationTests] from class [org.springframework.boot.test.context.SpringBootTestContextBootstrapper]
17:29:56.126 [Test worker] INFO org.springframework.boot.test.context.SpringBootTestContextBootstrapper - Neither @ContextConfiguration nor @ContextHierarchy found for test class [wolox.training.AaJavaApplicationTests], using SpringBootContextLoader
17:29:56.129 [Test worker] DEBUG org.springframework.test.context.support.AbstractContextLoader - Did not detect default resource location for test class [wolox.training.AaJavaApplicationTests]: class path resource [wolox/training/AaJavaApplicationTests-context.xml] does not exist
17:29:56.130 [Test worker] DEBUG org.springframework.test.context.support.AbstractContextLoader - Did not detect default resource location for test class [wolox.training.AaJavaApplicationTests]: class path resource [wolox/training/AaJavaApplicationTestsContext.groovy] does not exist
17:29:56.130 [Test worker] INFO org.springframework.test.context.support.AbstractContextLoader - Could not detect default resource locations for test class [wolox.training.AaJavaApplicationTests]: no resource found for suffixes {-context.xml, Context.groovy}.
17:29:56.130 [Test worker] INFO org.springframework.test.context.support.AnnotationConfigContextLoaderUtils - Could not detect default configuration classes for test class [wolox.training.AaJavaApplicationTests]: AaJavaApplicationTests does not declare any static, non-private, non-final, nested classes annotated with @Configuration.
17:29:56.164 [Test worker] DEBUG org.springframework.test.context.support.ActiveProfilesUtils - Could not find an 'annotation declaring class' for annotation type [org.springframework.test.context.ActiveProfiles] and class [wolox.training.AaJavaApplicationTests]
17:29:56.208 [Test worker] DEBUG org.springframework.context.annotation.ClassPathScanningCandidateComponentProvider - Identified candidate component class: file [/Users/alexa.aguirre/Documents/aa-java/build/classes/java/main/wolox/training/TrainingApplication.class]
17:29:56.209 [Test worker] INFO org.springframework.boot.test.context.SpringBootTestContextBootstrapper - Found @SpringBootConfiguration wolox.training.TrainingApplication for test class wolox.training.AaJavaApplicationTests
17:29:56.279 [Test worker] DEBUG org.springframework.boot.test.context.SpringBootTestContextBootstrapper - @TestExecutionListeners is not present for class [wolox.training.AaJavaApplicationTests]: using defaults.
17:29:56.279 [Test worker] INFO org.springframework.boot.test.context.SpringBootTestContextBootstrapper - Loaded default TestExecutionListener class names from location [META-INF/spring.factories]: [org.springframework.boot.test.autoconfigure.restdocs.RestDocsTestExecutionListener, org.springframework.boot.test.autoconfigure.web.client.MockRestServiceServerResetTestExecutionListener, org.springframework.boot.test.autoconfigure.web.servlet.MockMvcPrintOnlyOnFailureTestExecutionListener, org.springframework.boot.test.autoconfigure.web.servlet.WebDriverTestExecutionListener, org.springframework.boot.test.autoconfigure.webservices.client.MockWebServiceServerTestExecutionListener, org.springframework.boot.test.mock.mockito.MockitoTestExecutionListener, org.springframework.boot.test.mock.mockito.ResetMocksTestExecutionListener, org.springframework.test.context.web.ServletTestExecutionListener, org.springframework.test.context.support.DirtiesContextBeforeModesTestExecutionListener, org.springframework.test.context.event.ApplicationEventsTestExecutionListener, org.springframework.test.context.support.DependencyInjectionTestExecutionListener, org.springframework.test.context.support.DirtiesContextTestExecutionListener, org.springframework.test.context.transaction.TransactionalTestExecutionListener, org.springframework.test.context.jdbc.SqlScriptsTestExecutionListener, org.springframework.test.context.event.EventPublishingTestExecutionListener]
17:29:56.295 [Test worker] INFO org.springframework.boot.test.context.SpringBootTestContextBootstrapper - Using TestExecutionListeners: [org.springframework.test.context.web.ServletTestExecutionListener@40c80397, org.springframework.test.context.support.DirtiesContextBeforeModesTestExecutionListener@4b672daa, org.springframework.test.context.event.ApplicationEventsTestExecutionListener@ea9b7c6, org.springframework.boot.test.mock.mockito.MockitoTestExecutionListener@e077866, org.springframework.boot.test.autoconfigure.SpringBootDependencyInjectionTestExecutionListener@ed3068a, org.springframework.test.context.support.DirtiesContextTestExecutionListener@7c2b6087, org.springframework.test.context.transaction.TransactionalTestExecutionListener@3fffff43, org.springframework.test.context.jdbc.SqlScriptsTestExecutionListener@a8e6492, org.springframework.test.context.event.EventPublishingTestExecutionListener@1c7fd41f, org.springframework.boot.test.autoconfigure.restdocs.RestDocsTestExecutionListener@3b77a04f, org.springframework.boot.test.autoconfigure.web.client.MockRestServiceServerResetTestExecutionListener@7b324585, org.springframework.boot.test.autoconfigure.web.servlet.MockMvcPrintOnlyOnFailureTestExecutionListener@2e11485, org.springframework.boot.test.autoconfigure.web.servlet.WebDriverTestExecutionListener@60dce7ea, org.springframework.boot.test.autoconfigure.webservices.client.MockWebServiceServerTestExecutionListener@662f5666, org.springframework.boot.test.mock.mockito.ResetMocksTestExecutionListener@fd8294b]
17:29:56.297 [Test worker] DEBUG org.springframework.test.context.support.AbstractDirtiesContextTestExecutionListener - Before test class: context [DefaultTestContext@6d304f9d testClass = AaJavaApplicationTests, testInstance = [null], testMethod = [null], testException = [null], mergedContextConfiguration = [WebMergedContextConfiguration@f73dcd6 testClass = AaJavaApplicationTests, locations = '{}', classes = '{class wolox.training.TrainingApplication}', contextInitializerClasses = '[]', activeProfiles = '{}', propertySourceLocations = '{}', propertySourceProperties = '{org.springframework.boot.test.context.SpringBootTestContextBootstrapper=true}', contextCustomizers = set[org.springframework.boot.test.autoconfigure.actuate.metrics.MetricsExportContextCustomizerFactory$DisableMetricExportContextCustomizer@768fc0f2, org.springframework.boot.test.autoconfigure.properties.PropertyMappingContextCustomizer@0, org.springframework.boot.test.autoconfigure.web.servlet.WebDriverContextCustomizerFactory$Customizer@1e44b638, org.springframework.boot.test.context.filter.ExcludeFilterContextCustomizer@600b9d27, org.springframework.boot.test.json.DuplicateJsonObjectContextCustomizerFactory$DuplicateJsonObjectContextCustomizer@345f69f3, org.springframework.boot.test.mock.mockito.MockitoContextCustomizer@0, org.springframework.boot.test.web.client.TestRestTemplateContextCustomizer@481ba2cf, org.springframework.boot.test.context.SpringBootTestArgs@1, org.springframework.boot.test.context.SpringBootTestWebEnvironment@75db5df9], resourceBasePath = 'src/main/webapp', contextLoader = 'org.springframework.boot.test.context.SpringBootContextLoader', parent = [null]], attributes = map['org.springframework.test.context.web.ServletTestExecutionListener.activateListener' -> true]], class annotated with @DirtiesContext [false] with mode [null].

  .   ____          _            __ _ _
 /\\ / ___'_ __ _ _(_)_ __  __ _ \ \ \ \
( ( )\___ | '_ | '_| | '_ \/ _` | \ \ \ \
 \\/  ___)| |_)| | | | | || (_| |  ) ) ) )
  '  |____| .__|_| |_|_| |_\__, | / / / /
 =========|_|==============|___/=/_/_/_/
 :: Spring Boot ::                (v2.7.1)

2022-07-08 17:29:56.531  INFO 95516 --- [    Test worker] wolox.training.AaJavaApplicationTests    : Starting AaJavaApplicationTests using Java 18.0.1 on AMAC02FPE39MD6M with PID 95516 (started by alexa.aguirre in /Users/alexa.aguirre/Documents/aa-java)
2022-07-08 17:29:56.532  INFO 95516 --- [    Test worker] wolox.training.AaJavaApplicationTests    : No active profile set, falling back to 1 default profile: "default"
2022-07-08 17:29:56.971  INFO 95516 --- [    Test worker] .s.d.r.c.RepositoryConfigurationDelegate : Bootstrapping Spring Data JPA repositories in DEFAULT mode.
2022-07-08 17:29:56.983  INFO 95516 --- [    Test worker] .s.d.r.c.RepositoryConfigurationDelegate : Finished Spring Data repository scanning in 4 ms. Found 0 JPA repository interfaces.
2022-07-08 17:29:57.372  INFO 95516 --- [    Test worker] o.hibernate.jpa.internal.util.LogHelper  : HHH000204: Processing PersistenceUnitInfo [name: default]
2022-07-08 17:29:57.425  INFO 95516 --- [    Test worker] org.hibernate.Version                    : HHH000412: Hibernate ORM core version 5.6.9.Final
2022-07-08 17:29:57.573  INFO 95516 --- [    Test worker] o.hibernate.annotations.common.Version   : HCANN000001: Hibernate Commons Annotations {5.1.2.Final}
2022-07-08 17:29:57.649  INFO 95516 --- [    Test worker] com.zaxxer.hikari.HikariDataSource       : HikariPool-1 - Starting...
2022-07-08 17:29:57.721  INFO 95516 --- [    Test worker] com.zaxxer.hikari.HikariDataSource       : HikariPool-1 - Start completed.
2022-07-08 17:29:57.736  INFO 95516 --- [    Test worker] org.hibernate.dialect.Dialect            : HHH000400: Using dialect: org.hibernate.dialect.PostgreSQLDialect
2022-07-08 17:29:57.974  INFO 95516 --- [    Test worker] o.h.e.t.j.p.i.JtaPlatformInitiator       : HHH000490: Using JtaPlatform implementation: [org.hibernate.engine.transaction.jta.platform.internal.NoJtaPlatform]
2022-07-08 17:29:57.981  INFO 95516 --- [    Test worker] j.LocalContainerEntityManagerFactoryBean : Initialized JPA EntityManagerFactory for persistence unit 'default'
2022-07-08 17:29:58.197  WARN 95516 --- [    Test worker] JpaBaseConfiguration$JpaWebConfiguration : spring.jpa.open-in-view is enabled by default. Therefore, database queries may be performed during view rendering. Explicitly configure spring.jpa.open-in-view to disable this warning
2022-07-08 17:29:58.645  INFO 95516 --- [    Test worker] wolox.training.AaJavaApplicationTests    : Started AaJavaApplicationTests in 2.315 seconds (JVM running for 3.303)
]]></system-out>
  <system-err><![CDATA[]]></system-err>
</testsuite>
